CRITICAL - 2022-09-13 10:05:31 --> There is no primary key defined when trying to make insert.
#0 D:\xampp\htdocs\sistema2022\system\Model.php(229): CodeIgniter\Database\Exceptions\DataException::forEmptyPrimaryKey('insert')
#1 D:\xampp\htdocs\sistema2022\system\BaseModel.php(738): CodeIgniter\Model->doInsert(Array)
#2 D:\xampp\htdocs\sistema2022\system\Model.php(625): CodeIgniter\BaseModel->insert(Array, true)
#3 D:\xampp\htdocs\sistema2022\app\Controllers\Alumnos.php(39): CodeIgniter\Model->insert(Array)
#4 D:\xampp\htdocs\sistema2022\system\CodeIgniter.php(825): App\Controllers\Alumnos->guardar()
#5 D:\xampp\htdocs\sistema2022\system\CodeIgniter.php(412): CodeIgniter\CodeIgniter->runController(Object(App\Controllers\Alumnos))
#6 D:\xampp\htdocs\sistema2022\system\CodeIgniter.php(320): CodeIgniter\CodeIgniter->handleRequest(NULL, Object(Config\Cache), false)
#7 D:\xampp\htdocs\sistema2022\public\index.php(37): CodeIgniter\CodeIgniter->run()
#8 {main}
CRITICAL - 2022-09-13 10:09:03 --> There is no primary key defined when trying to make insert.
#0 D:\xampp\htdocs\sistema2022\system\Model.php(229): CodeIgniter\Database\Exceptions\DataException::forEmptyPrimaryKey('insert')
#1 D:\xampp\htdocs\sistema2022\system\BaseModel.php(738): CodeIgniter\Model->doInsert(Array)
#2 D:\xampp\htdocs\sistema2022\system\Model.php(625): CodeIgniter\BaseModel->insert(Array, true)
#3 D:\xampp\htdocs\sistema2022\app\Controllers\Alumnos.php(39): CodeIgniter\Model->insert(Array)
#4 D:\xampp\htdocs\sistema2022\system\CodeIgniter.php(825): App\Controllers\Alumnos->guardar()
#5 D:\xampp\htdocs\sistema2022\system\CodeIgniter.php(412): CodeIgniter\CodeIgniter->runController(Object(App\Controllers\Alumnos))
#6 D:\xampp\htdocs\sistema2022\system\CodeIgniter.php(320): CodeIgniter\CodeIgniter->handleRequest(NULL, Object(Config\Cache), false)
#7 D:\xampp\htdocs\sistema2022\public\index.php(37): CodeIgniter\CodeIgniter->run()
#8 {main}
