CRITICAL - 2022-10-10 10:21:12 --> There is no data to insert.
#0 D:\xampp\htdocs\sistema2022\system\BaseModel.php(718): CodeIgniter\Database\Exceptions\DataException::forEmptyDataset('insert')
#1 D:\xampp\htdocs\sistema2022\system\Model.php(625): CodeIgniter\BaseModel->insert(Array, true)
#2 D:\xampp\htdocs\sistema2022\app\Controllers\Cursos.php(39): CodeIgniter\Model->insert(Array)
#3 D:\xampp\htdocs\sistema2022\system\CodeIgniter.php(825): App\Controllers\Cursos->guardar()
#4 D:\xampp\htdocs\sistema2022\system\CodeIgniter.php(412): CodeIgniter\CodeIgniter->runController(Object(App\Controllers\Cursos))
#5 D:\xampp\htdocs\sistema2022\system\CodeIgniter.php(320): CodeIgniter\CodeIgniter->handleRequest(NULL, Object(Config\Cache), false)
#6 D:\xampp\htdocs\sistema2022\public\index.php(37): CodeIgniter\CodeIgniter->run()
#7 {main}
CRITICAL - 2022-10-10 10:23:12 --> There is no data to insert.
#0 D:\xampp\htdocs\sistema2022\system\BaseModel.php(718): CodeIgniter\Database\Exceptions\DataException::forEmptyDataset('insert')
#1 D:\xampp\htdocs\sistema2022\system\Model.php(625): CodeIgniter\BaseModel->insert(Array, true)
#2 D:\xampp\htdocs\sistema2022\app\Controllers\Cursos.php(39): CodeIgniter\Model->insert(Array)
#3 D:\xampp\htdocs\sistema2022\system\CodeIgniter.php(825): App\Controllers\Cursos->guardar()
#4 D:\xampp\htdocs\sistema2022\system\CodeIgniter.php(412): CodeIgniter\CodeIgniter->runController(Object(App\Controllers\Cursos))
#5 D:\xampp\htdocs\sistema2022\system\CodeIgniter.php(320): CodeIgniter\CodeIgniter->handleRequest(NULL, Object(Config\Cache), false)
#6 D:\xampp\htdocs\sistema2022\public\index.php(37): CodeIgniter\CodeIgniter->run()
#7 {main}
ERROR - 2022-10-10 10:24:51 --> Cannot add or update a child row: a foreign key constraint fails (`cursos`.`cursos`, CONSTRAINT `cursos_ibfk_2` FOREIGN KEY (`idalumno`) REFERENCES `alumnos` (`idalumno`))
CRITICAL - 2022-10-10 10:24:51 --> Cannot add or update a child row: a foreign key constraint fails (`cursos`.`cursos`, CONSTRAINT `cursos_ibfk_2` FOREIGN KEY (`idalumno`) REFERENCES `alumnos` (`idalumno`))
#0 D:\xampp\htdocs\sistema2022\system\Database\MySQLi\Connection.php(292): mysqli->query('INSERT INTO `cu...', 0)
#1 D:\xampp\htdocs\sistema2022\system\Database\BaseConnection.php(670): CodeIgniter\Database\MySQLi\Connection->execute('INSERT INTO `cu...')
#2 D:\xampp\htdocs\sistema2022\system\Database\BaseConnection.php(598): CodeIgniter\Database\BaseConnection->simpleQuery('INSERT INTO `cu...')
#3 D:\xampp\htdocs\sistema2022\system\Database\BaseBuilder.php(1771): CodeIgniter\Database\BaseConnection->query('INSERT INTO `cu...', Array, false)
#4 D:\xampp\htdocs\sistema2022\system\Model.php(239): CodeIgniter\Database\BaseBuilder->insert()
#5 D:\xampp\htdocs\sistema2022\system\BaseModel.php(738): CodeIgniter\Model->doInsert(Array)
#6 D:\xampp\htdocs\sistema2022\system\Model.php(625): CodeIgniter\BaseModel->insert(Array, true)
#7 D:\xampp\htdocs\sistema2022\app\Controllers\Cursos.php(40): CodeIgniter\Model->insert(Array)
#8 D:\xampp\htdocs\sistema2022\system\CodeIgniter.php(825): App\Controllers\Cursos->guardar()
#9 D:\xampp\htdocs\sistema2022\system\CodeIgniter.php(412): CodeIgniter\CodeIgniter->runController(Object(App\Controllers\Cursos))
#10 D:\xampp\htdocs\sistema2022\system\CodeIgniter.php(320): CodeIgniter\CodeIgniter->handleRequest(NULL, Object(Config\Cache), false)
#11 D:\xampp\htdocs\sistema2022\public\index.php(37): CodeIgniter\CodeIgniter->run()
#12 {main}
